<?xml version="1.0" encoding="UTF-8"?>
<!-- Generated by org.testng.reporters.JUnitReportReporter -->
<testsuite hostname="DESKTOP-CKUH47D" name="ExecuteTests.FirstTest" tests="1" failures="0" timestamp="13 Feb 2020 09:32:59 GMT" time="1.649" errors="0">
  <testcase name="myScript" time="1.649" classname="ExecuteTests.FirstTest"/>
</testsuite> <!-- ExecuteTests.FirstTest -->
